<?xml version="1.0" encoding="UTF-8"?>
<testsuite xmlns:xsi="http://www.w3.org/2001/XMLSchema-instance" xsi:noNamespaceSchemaLocation="https://maven.apache.org/surefire/maven-surefire-plugin/xsd/surefire-test-report.xsd" name="hello.FileUploadTests" time="1.434" tests="3" errors="1" skipped="0" failures="0">
  <properties>
[...]
</properties>
  <testcase name="shouldSaveUploadedFile" classname="hello.FileUploadTests" time="0.023">
    <error message="Request processing failed; nested exception is java.util.InputMismatchException" type="org.springframework.web.util.NestedServletException">org.springframework.web.util.NestedServletException: Request processing failed; nested exception is java.util.InputMismatchException
	at hello.FileUploadTests.shouldSaveUploadedFile(FileUploadTests.java:55)
Caused by: java.util.InputMismatchException
	at hello.FileUploadTests.shouldSaveUploadedFile(FileUploadTests.java:55)
</error>
    <system-out><![CDATA[2019-04-21 14:52:44.941  INFO 14980 --- [           main] .b.t.c.SpringBootTestContextBootstrapper : Neither @ContextConfiguration nor @ContextHierarchy found for test class [hello.FileUploadTests], using SpringBootContextLoader
2019-04-21 14:52:44.942  INFO 14980 --- [           main] o.s.t.c.support.AbstractContextLoader    : Could not detect default resource locations for test class [hello.FileUploadTests]: no resource found for suffixes {-context.xml, Context.groovy}.
2019-04-21 14:52:44.942  INFO 14980 --- [           main] t.c.s.AnnotationConfigContextLoaderUtils : Could not detect default configuration classes for test class [hello.FileUploadTests]: FileUploadTests does not declare any static, non-private, non-final, nested classes annotated with @Configuration.
2019-04-21 14:52:44.950  INFO 14980 --- [           main] .b.t.c.SpringBootTestContextBootstrapper : Found @SpringBootConfiguration hello.Application for test class hello.FileUploadTests
2019-04-21 14:52:44.951  INFO 14980 --- [           main] .b.t.c.SpringBootTestContextBootstrapper : Loaded default TestExecutionListener class names from location [META-INF/spring.factories]: [org.springframework.boot.test.mock.mockito.MockitoTestExecutionListener, org.springframework.boot.test.mock.mockito.ResetMocksTestExecutionListener, org.springframework.boot.test.autoconfigure.restdocs.RestDocsTestExecutionListener, org.springframework.boot.test.autoconfigure.web.client.MockRestServiceServerResetTestExecutionListener, org.springframework.boot.test.autoconfigure.web.servlet.MockMvcPrintOnlyOnFailureTestExecutionListener, org.springframework.boot.test.autoconfigure.web.servlet.WebDriverTestExecutionListener, org.springframework.test.context.web.ServletTestExecutionListener, org.springframework.test.context.support.DirtiesContextBeforeModesTestExecutionListener, org.springframework.test.context.support.DependencyInjectionTestExecutionListener, org.springframework.test.context.support.DirtiesContextTestExecutionListener, org.springframework.test.context.transaction.TransactionalTestExecutionListener, org.springframework.test.context.jdbc.SqlScriptsTestExecutionListener]
2019-04-21 14:52:44.952  INFO 14980 --- [           main] .b.t.c.SpringBootTestContextBootstrapper : Using TestExecutionListeners: [org.springframework.test.context.web.ServletTestExecutionListener@5e1a7d3, org.springframework.test.context.support.DirtiesContextBeforeModesTestExecutionListener@1eda309d, org.springframework.boot.test.mock.mockito.MockitoTestExecutionListener@248d2cec, org.springframework.boot.test.autoconfigure.SpringBootDependencyInjectionTestExecutionListener@5d77be8e, org.springframework.test.context.support.DirtiesContextTestExecutionListener@55a055cc, org.springframework.boot.test.mock.mockito.ResetMocksTestExecutionListener@1ab1d93d, org.springframework.boot.test.autoconfigure.restdocs.RestDocsTestExecutionListener@57167ccb, org.springframework.boot.test.autoconfigure.web.client.MockRestServiceServerResetTestExecutionListener@37753b69, org.springframework.boot.test.autoconfigure.web.servlet.MockMvcPrintOnlyOnFailureTestExecutionListener@602c167e, org.springframework.boot.test.autoconfigure.web.servlet.WebDriverTestExecutionListener@74c04377]

  .   ____          _            __ _ _
 /\\ / ___'_ __ _ _(_)_ __  __ _ \ \ \ \
( ( )\___ | '_ | '_| | '_ \/ _` | \ \ \ \
 \\/  ___)| |_)| | | | | || (_| |  ) ) ) )
  '  |____| .__|_| |_|_| |_\__, | / / / /
 =========|_|==============|___/=/_/_/_/
 :: Spring Boot ::        (v2.1.3.RELEASE)

2019-04-21 14:52:44.975  INFO 14980 --- [           main] hello.FileUploadTests                    : Starting FileUploadTests on Coredroid-laptop with PID 14980 (started by Zhiyuan in G:\Documents\rr\root\homework_for_Internet_app\homework2)
2019-04-21 14:52:44.976  INFO 14980 --- [           main] hello.FileUploadTests                    : No active profile set, falling back to default profiles: default
2019-04-21 14:52:45.229  INFO 14980 --- [           main] trationDelegate$BeanPostProcessorChecker : Bean 'net.bull.javamelody.JavaMelodyAutoConfiguration' of type [net.bull.javamelody.JavaMelodyAutoConfiguration$$EnhancerBySpringCGLIB$$1347424c] is not eligible for getting processed by all BeanPostProcessors (for example: not eligible for auto-proxying)
2019-04-21 14:52:45.249  INFO 14980 --- [           main] trationDelegate$BeanPostProcessorChecker : Bean 'monitoringSpringAdvisor' of type [net.bull.javamelody.MonitoringSpringAdvisor] is not eligible for getting processed by all BeanPostProcessors (for example: not eligible for auto-proxying)
2019-04-21 14:52:45.250  INFO 14980 --- [           main] trationDelegate$BeanPostProcessorChecker : Bean 'monitoringSpringServiceAdvisor' of type [net.bull.javamelody.MonitoringSpringAdvisor] is not eligible for getting processed by all BeanPostProcessors (for example: not eligible for auto-proxying)
2019-04-21 14:52:45.251  INFO 14980 --- [           main] trationDelegate$BeanPostProcessorChecker : Bean 'monitoringSpringControllerAdvisor' of type [net.bull.javamelody.MonitoringSpringAdvisor] is not eligible for getting processed by all BeanPostProcessors (for example: not eligible for auto-proxying)
2019-04-21 14:52:45.251  INFO 14980 --- [           main] trationDelegate$BeanPostProcessorChecker : Bean 'monitoringSpringRestControllerAdvisor' of type [net.bull.javamelody.MonitoringSpringAdvisor] is not eligible for getting processed by all BeanPostProcessors (for example: not eligible for auto-proxying)
2019-04-21 14:52:45.252  INFO 14980 --- [           main] trationDelegate$BeanPostProcessorChecker : Bean 'monitoringSpringAsyncAdvisor' of type [net.bull.javamelody.MonitoringSpringAdvisor] is not eligible for getting processed by all BeanPostProcessors (for example: not eligible for auto-proxying)
2019-04-21 14:52:45.252  INFO 14980 --- [           main] trationDelegate$BeanPostProcessorChecker : Bean 'monitoringSpringScheduledAdvisor' of type [net.bull.javamelody.MonitoringSpringAdvisor] is not eligible for getting processed by all BeanPostProcessors (for example: not eligible for auto-proxying)
2019-04-21 14:52:45.373  WARN 14980 --- [           main] o.s.security.core.userdetails.User       : User.withDefaultPasswordEncoder() is considered unsafe for production and is only intended for sample applications.
2019-04-21 14:52:45.608  INFO 14980 --- [           main] o.s.s.concurrent.ThreadPoolTaskExecutor  : Initializing ExecutorService 'applicationTaskExecutor'
2019-04-21 14:52:45.927  INFO 14980 --- [           main] o.s.s.web.DefaultSecurityFilterChain     : Creating filter chain: org.springframework.boot.actuate.autoconfigure.security.servlet.EndpointRequest$EndpointRequestMatcher@f83d121, [org.springframework.security.web.context.request.async.WebAsyncManagerIntegrationFilter@165454f7, org.springframework.security.web.context.SecurityContextPersistenceFilter@5bcfdaf3, org.springframework.security.web.header.HeaderWriterFilter@7430ed93, org.springframework.security.web.csrf.CsrfFilter@587400a9, org.springframework.security.web.authentication.logout.LogoutFilter@5ff29e8b, org.springframework.security.web.authentication.www.BasicAuthenticationFilter@3fe5ad73, org.springframework.security.web.savedrequest.RequestCacheAwareFilter@38347345, org.springframework.security.web.servletapi.SecurityContextHolderAwareRequestFilter@4b9b5da5, org.springframework.security.web.authentication.AnonymousAuthenticationFilter@2a19c36b, org.springframework.security.web.session.SessionManagementFilter@2346f77a, org.springframework.security.web.access.ExceptionTranslationFilter@1f0f92f5, org.springframework.security.web.access.intercept.FilterSecurityInterceptor@3b50f432]
2019-04-21 14:52:45.962  INFO 14980 --- [           main] o.s.b.a.e.web.EndpointLinksResolver      : Exposing 15 endpoint(s) beneath base path '/actuator'
2019-04-21 14:52:46.016  INFO 14980 --- [           main] o.s.b.t.m.w.SpringBootMockServletContext : Initializing Spring TestDispatcherServlet ''
2019-04-21 14:52:46.016  INFO 14980 --- [           main] o.s.t.web.servlet.TestDispatcherServlet  : Initializing Servlet ''
2019-04-21 14:52:46.019  INFO 14980 --- [           main] o.s.t.web.servlet.TestDispatcherServlet  : Completed initialization in 3 ms
2019-04-21 14:52:46.043  INFO 14980 --- [           main] hello.FileUploadTests                    : Started FileUploadTests in 1.084 seconds (JVM running for 7.255)
]]></system-out>
  </testcase>
  <testcase name="should404WhenMissingFile" classname="hello.FileUploadTests" time="0.016"/>
  <testcase name="shouldListAllFiles" classname="hello.FileUploadTests" time="0.303"/>
</testsuite>